<?xml version="1.0" encoding="UTF-8"?>
<!-- Generated by org.testng.reporters.JUnitXMLReporter -->
<testsuite hostname="DESKTOP-79QFOE9" ignored="22" name="Default test" tests="1" failures="1" timestamp="05 Sep 2019 09:17:18 GMT" time="81.787" errors="0">
  <testcase name="signUp" time="20.282" classname="cba.Pwaalt">
    <failure type="org.openqa.selenium.NoSuchElementException" message="no such element: Unable to locate element: {&amp;quot;method&amp;quot;:&amp;quot;class name&amp;quot;,&amp;quot;selector&amp;quot;:&amp;quot;link-under&amp;quot;}
  (Session info: chrome=74.0.3729.157)
  (Driver info: chromedriver=2.38.552522 (437e6fbedfa8762dec75e2c5b3ddb86763dc9dcb),platform=Windows NT 10.0.18362 x86_64) (WARNING: The server did not provide any stacktrace information)
Command duration or timeout: 0 milliseconds
For documentation on this error, please visit: http://seleniumhq.org/exceptions/no_such_element.html
Build info: version: &amp;apos;3.13.0&amp;apos;, revision: &amp;apos;2f0d292&amp;apos;, time: &amp;apos;2018-06-25T15:32:19.891Z&amp;apos;
System info: host: &amp;apos;DESKTOP-79QFOE9&amp;apos;, ip: &amp;apos;192.168.0.62&amp;apos;, os.name: &amp;apos;Windows 10&amp;apos;, os.arch: &amp;apos;amd64&amp;apos;, os.version: &amp;apos;10.0&amp;apos;, java.version: &amp;apos;1.8.0_171&amp;apos;
Driver info: org.openqa.selenium.remote.RemoteWebDriver
Capabilities {browserName: Chrome, databaseEnabled: false, desired: {browserName: Chrome, deviceName: Android Device, platformName: Android, platformVersion: 8}, deviceManufacturer: motorola, deviceModel: XT1635-02, deviceName: ZY223RZQKP, deviceScreenSize: 1080x1920, deviceUDID: ZY223RZQKP, javascriptEnabled: true, locationContextEnabled: false, networkConnectionEnabled: true, platform: LINUX, platformName: LINUX, platformVersion: 8.0.0, takesScreenshot: true, warnings: {}, webStorageEnabled: false}
Session ID: 693ef1e3-4745-4b48-999c-027fb77356cd
*** Element info: {Using=class name, value=link-under}">
      <![CDATA[org.openqa.selenium.NoSuchElementException: no such element: Unable to locate element: {"method":"class name","selector":"link-under"}
  (Session info: chrome=74.0.3729.157)
  (Driver info: chromedriver=2.38.552522 (437e6fbedfa8762dec75e2c5b3ddb86763dc9dcb),platform=Windows NT 10.0.18362 x86_64) (WARNING: The server did not provide any stacktrace information)
Command duration or timeout: 0 milliseconds
For documentation on this error, please visit: http://seleniumhq.org/exceptions/no_such_element.html
Build info: version: '3.13.0', revision: '2f0d292', time: '2018-06-25T15:32:19.891Z'
System info: host: 'DESKTOP-79QFOE9', ip: '192.168.0.62', os.name: 'Windows 10', os.arch: 'amd64', os.version: '10.0', java.version: '1.8.0_171'
Driver info: org.openqa.selenium.remote.RemoteWebDriver
Capabilities {browserName: Chrome, databaseEnabled: false, desired: {browserName: Chrome, deviceName: Android Device, platformName: Android, platformVersion: 8}, deviceManufacturer: motorola, deviceModel: XT1635-02, deviceName: ZY223RZQKP, deviceScreenSize: 1080x1920, deviceUDID: ZY223RZQKP, javascriptEnabled: true, locationContextEnabled: false, networkConnectionEnabled: true, platform: LINUX, platformName: LINUX, platformVersion: 8.0.0, takesScreenshot: true, warnings: {}, webStorageEnabled: false}
Session ID: 693ef1e3-4745-4b48-999c-027fb77356cd
*** Element info: {Using=class name, value=link-under}
at sun.reflect.NativeConstructorAccessorImpl.newInstance0(Native Method)
at sun.reflect.NativeConstructorAccessorImpl.newInstance(Unknown Source)
at sun.reflect.DelegatingConstructorAccessorImpl.newInstance(Unknown Source)
at java.lang.reflect.Constructor.newInstance(Unknown Source)
at org.openqa.selenium.remote.ErrorHandler.createThrowable(ErrorHandler.java:214)
at org.openqa.selenium.remote.ErrorHandler.throwIfResponseFailed(ErrorHandler.java:166)
at org.openqa.selenium.remote.http.JsonHttpResponseCodec.reconstructValue(JsonHttpResponseCodec.java:40)
at org.openqa.selenium.remote.http.AbstractHttpResponseCodec.decode(AbstractHttpResponseCodec.java:80)
at org.openqa.selenium.remote.http.AbstractHttpResponseCodec.decode(AbstractHttpResponseCodec.java:44)
at org.openqa.selenium.remote.HttpCommandExecutor.execute(HttpCommandExecutor.java:158)
at org.openqa.selenium.remote.RemoteWebDriver.execute(RemoteWebDriver.java:548)
at org.openqa.selenium.remote.RemoteWebDriver.findElement(RemoteWebDriver.java:322)
at org.openqa.selenium.remote.RemoteWebDriver.findElementByClassName(RemoteWebDriver.java:408)
at org.openqa.selenium.By$ByClassName.findElement(By.java:389)
at org.openqa.selenium.remote.RemoteWebDriver.findElement(RemoteWebDriver.java:314)
at cba.Pwaalt.signUp(Pwaalt.java:86)
at sun.reflect.NativeMethodAccessorImpl.invoke0(Native Method)
at sun.reflect.NativeMethodAccessorImpl.invoke(Unknown Source)
at sun.reflect.DelegatingMethodAccessorImpl.invoke(Unknown Source)
at java.lang.reflect.Method.invoke(Unknown Source)
at org.testng.internal.MethodInvocationHelper.invokeMethod(MethodInvocationHelper.java:124)
at org.testng.internal.Invoker.invokeMethod(Invoker.java:580)
at org.testng.internal.Invoker.invokeTestMethod(Invoker.java:716)
at org.testng.internal.Invoker.invokeTestMethods(Invoker.java:988)
at org.testng.internal.TestMethodWorker.invokeTestMethods(TestMethodWorker.java:125)
at org.testng.internal.TestMethodWorker.run(TestMethodWorker.java:109)
at org.testng.TestRunner.privateRun(TestRunner.java:648)
at org.testng.TestRunner.run(TestRunner.java:505)
at org.testng.SuiteRunner.runTest(SuiteRunner.java:455)
at org.testng.SuiteRunner.runSequentially(SuiteRunner.java:450)
at org.testng.SuiteRunner.privateRun(SuiteRunner.java:415)
at org.testng.SuiteRunner.run(SuiteRunner.java:364)
at org.testng.SuiteRunnerWorker.runSuite(SuiteRunnerWorker.java:52)
at org.testng.SuiteRunnerWorker.run(SuiteRunnerWorker.java:84)
at org.testng.TestNG.runSuitesSequentially(TestNG.java:1208)
at org.testng.TestNG.runSuitesLocally(TestNG.java:1137)
at org.testng.TestNG.runSuites(TestNG.java:1049)
at org.testng.TestNG.run(TestNG.java:1017)
at org.testng.remote.AbstractRemoteTestNG.run(AbstractRemoteTestNG.java:114)
at org.testng.remote.RemoteTestNG.initAndRun(RemoteTestNG.java:251)
at org.testng.remote.RemoteTestNG.main(RemoteTestNG.java:77)
]]>
    </failure>
  </testcase> <!-- signUp -->
  <testcase name="forgotPassword" time="0.0" classname="cba.Pwaalt">
    <ignored/>
  </testcase> <!-- forgotPassword -->
  <testcase name="logout" time="0.0" classname="cba.Pwaalt">
    <ignored/>
  </testcase> <!-- logout -->
  <testcase name="videoQuality" time="0.0" classname="cba.Pwaalt">
    <ignored/>
  </testcase> <!-- videoQuality -->
  <testcase name="search" time="0.0" classname="cba.Pwaalt">
    <ignored/>
  </testcase> <!-- search -->
  <testcase name="navigateAllPages" time="0.0" classname="cba.Pwaalt">
    <ignored/>
  </testcase> <!-- navigateAllPages -->
  <testcase name="sendingQueryFromHelpPage" time="0.0" classname="cba.Pwaalt">
    <ignored/>
  </testcase> <!-- sendingQueryFromHelpPage -->
  <testcase name="share" time="0.0" classname="cba.Pwaalt">
    <ignored/>
  </testcase> <!-- share -->
  <testcase name="editProfileDetail" time="0.0" classname="cba.Pwaalt">
    <ignored/>
  </testcase> <!-- editProfileDetail -->
  <testcase name="seekForwardInPlayer" time="0.0" classname="cba.Pwaalt">
    <ignored/>
  </testcase> <!-- seekForwardInPlayer -->
  <testcase name="episodeListInPlayer" time="0.0" classname="cba.Pwaalt">
    <ignored/>
  </testcase> <!-- episodeListInPlayer -->
  <testcase name="selectingPreferredRegionlaLanguage" time="0.0" classname="cba.Pwaalt">
    <ignored/>
  </testcase> <!-- selectingPreferredRegionlaLanguage -->
  <testcase name="errorMsgfromSigninPage" time="0.0" classname="cba.Pwaalt">
    <ignored/>
  </testcase> <!-- errorMsgfromSigninPage -->
  <testcase name="selectLanguage" time="0.0" classname="cba.Pwaalt">
    <ignored/>
  </testcase> <!-- selectLanguage -->
  <testcase name="player" time="0.0" classname="cba.Pwaalt">
    <ignored/>
  </testcase> <!-- player -->
  <testcase name="seekBar" time="0.0" classname="cba.Pwaalt">
    <ignored/>
  </testcase> <!-- seekBar -->
  <testcase name="printingHomePageSubSection" time="0.0" classname="cba.Pwaalt">
    <ignored/>
  </testcase> <!-- printingHomePageSubSection -->
  <testcase name="loginNewRegUser" time="0.0" classname="cba.Pwaalt">
    <ignored/>
  </testcase> <!-- loginNewRegUser -->
  <testcase name="resumeFunctionslity" time="0.0" classname="cba.Pwaalt">
    <ignored/>
  </testcase> <!-- resumeFunctionslity -->
  <testcase name="nextButtonCheckingForLastEpsidoe" time="0.0" classname="cba.Pwaalt">
    <ignored/>
  </testcase> <!-- nextButtonCheckingForLastEpsidoe -->
  <testcase name="alreadyRegUserErrorMsg" time="0.0" classname="cba.Pwaalt">
    <ignored/>
  </testcase> <!-- alreadyRegUserErrorMsg -->
  <testcase name="favourite" time="0.0" classname="cba.Pwaalt">
    <ignored/>
  </testcase> <!-- favourite -->
  <testcase name="signInFromFavPage" time="0.0" classname="cba.Pwaalt">
    <ignored/>
  </testcase> <!-- signInFromFavPage -->
</testsuite> <!-- Default test -->
