<?xml version="1.0" encoding="UTF-8"?>
<!-- Generated by org.testng.reporters.JUnitReportReporter -->
<testsuite skipped="22" hostname="DESKTOP-79QFOE9" name="cba.Pwaalt" tests="23" failures="0" timestamp="05 Sep 2019 09:17:19 GMT" time="20.282" errors="1">
  <testcase name="signUp" time="20.282" classname="cba.Pwaalt">
    <error type="org.openqa.selenium.NoSuchElementException" message="no such element: Unable to locate element: {&quot;method&quot;:&quot;class name&quot;,&quot;selector&quot;:&quot;link-under&quot;}
  (Session info: chrome=74.0.3729.157)
  (Driver info: chromedriver=2.38.552522 (437e6fbedfa8762dec75e2c5b3ddb86763dc9dcb),platform=Windows NT 10.0.18362 x86_64) (WARNING: The server did not provide any stacktrace information)
Command duration or timeout: 0 milliseconds
For documentation on this error, please visit: http://seleniumhq.org/exceptions/no_such_element.html
Build info: version: &#039;3.13.0&#039;, revision: &#039;2f0d292&#039;, time: &#039;2018-06-25T15:32:19.891Z&#039;
System info: host: &#039;DESKTOP-79QFOE9&#039;, ip: &#039;192.168.0.62&#039;, os.name: &#039;Windows 10&#039;, os.arch: &#039;amd64&#039;, os.version: &#039;10.0&#039;, java.version: &#039;1.8.0_171&#039;
Driver info: org.openqa.selenium.remote.RemoteWebDriver
Capabilities {browserName: Chrome, databaseEnabled: false, desired: {browserName: Chrome, deviceName: Android Device, platformName: Android, platformVersion: 8}, deviceManufacturer: motorola, deviceModel: XT1635-02, deviceName: ZY223RZQKP, deviceScreenSize: 1080x1920, deviceUDID: ZY223RZQKP, javascriptEnabled: true, locationContextEnabled: false, networkConnectionEnabled: true, platform: LINUX, platformName: LINUX, platformVersion: 8.0.0, takesScreenshot: true, warnings: {}, webStorageEnabled: false}
Session ID: 693ef1e3-4745-4b48-999c-027fb77356cd
*** Element info: {Using=class name, value=link-under}">
      <![CDATA[org.openqa.selenium.NoSuchElementException: no such element: Unable to locate element: {"method":"class name","selector":"link-under"}
  (Session info: chrome=74.0.3729.157)
  (Driver info: chromedriver=2.38.552522 (437e6fbedfa8762dec75e2c5b3ddb86763dc9dcb),platform=Windows NT 10.0.18362 x86_64) (WARNING: The server did not provide any stacktrace information)
Command duration or timeout: 0 milliseconds
For documentation on this error, please visit: http://seleniumhq.org/exceptions/no_such_element.html
Build info: version: '3.13.0', revision: '2f0d292', time: '2018-06-25T15:32:19.891Z'
System info: host: 'DESKTOP-79QFOE9', ip: '192.168.0.62', os.name: 'Windows 10', os.arch: 'amd64', os.version: '10.0', java.version: '1.8.0_171'
Driver info: org.openqa.selenium.remote.RemoteWebDriver
Capabilities {browserName: Chrome, databaseEnabled: false, desired: {browserName: Chrome, deviceName: Android Device, platformName: Android, platformVersion: 8}, deviceManufacturer: motorola, deviceModel: XT1635-02, deviceName: ZY223RZQKP, deviceScreenSize: 1080x1920, deviceUDID: ZY223RZQKP, javascriptEnabled: true, locationContextEnabled: false, networkConnectionEnabled: true, platform: LINUX, platformName: LINUX, platformVersion: 8.0.0, takesScreenshot: true, warnings: {}, webStorageEnabled: false}
Session ID: 693ef1e3-4745-4b48-999c-027fb77356cd
*** Element info: {Using=class name, value=link-under}
at sun.reflect.NativeConstructorAccessorImpl.newInstance0(Native Method)
at sun.reflect.NativeConstructorAccessorImpl.newInstance(Unknown Source)
at sun.reflect.DelegatingConstructorAccessorImpl.newInstance(Unknown Source)
at java.lang.reflect.Constructor.newInstance(Unknown Source)
at org.openqa.selenium.remote.ErrorHandler.createThrowable(ErrorHandler.java:214)
at org.openqa.selenium.remote.ErrorHandler.throwIfResponseFailed(ErrorHandler.java:166)
at org.openqa.selenium.remote.http.JsonHttpResponseCodec.reconstructValue(JsonHttpResponseCodec.java:40)
at org.openqa.selenium.remote.http.AbstractHttpResponseCodec.decode(AbstractHttpResponseCodec.java:80)
at org.openqa.selenium.remote.http.AbstractHttpResponseCodec.decode(AbstractHttpResponseCodec.java:44)
at org.openqa.selenium.remote.HttpCommandExecutor.execute(HttpCommandExecutor.java:158)
at org.openqa.selenium.remote.RemoteWebDriver.execute(RemoteWebDriver.java:548)
at org.openqa.selenium.remote.RemoteWebDriver.findElement(RemoteWebDriver.java:322)
at org.openqa.selenium.remote.RemoteWebDriver.findElementByClassName(RemoteWebDriver.java:408)
at org.openqa.selenium.By$ByClassName.findElement(By.java:389)
at org.openqa.selenium.remote.RemoteWebDriver.findElement(RemoteWebDriver.java:314)
at cba.Pwaalt.signUp(Pwaalt.java:86)
at sun.reflect.NativeMethodAccessorImpl.invoke0(Native Method)
at sun.reflect.NativeMethodAccessorImpl.invoke(Unknown Source)
at sun.reflect.DelegatingMethodAccessorImpl.invoke(Unknown Source)
at java.lang.reflect.Method.invoke(Unknown Source)
at org.testng.internal.MethodInvocationHelper.invokeMethod(MethodInvocationHelper.java:124)
at org.testng.internal.Invoker.invokeMethod(Invoker.java:580)
at org.testng.internal.Invoker.invokeTestMethod(Invoker.java:716)
at org.testng.internal.Invoker.invokeTestMethods(Invoker.java:988)
at org.testng.internal.TestMethodWorker.invokeTestMethods(TestMethodWorker.java:125)
at org.testng.internal.TestMethodWorker.run(TestMethodWorker.java:109)
at org.testng.TestRunner.privateRun(TestRunner.java:648)
at org.testng.TestRunner.run(TestRunner.java:505)
at org.testng.SuiteRunner.runTest(SuiteRunner.java:455)
at org.testng.SuiteRunner.runSequentially(SuiteRunner.java:450)
at org.testng.SuiteRunner.privateRun(SuiteRunner.java:415)
at org.testng.SuiteRunner.run(SuiteRunner.java:364)
at org.testng.SuiteRunnerWorker.runSuite(SuiteRunnerWorker.java:52)
at org.testng.SuiteRunnerWorker.run(SuiteRunnerWorker.java:84)
at org.testng.TestNG.runSuitesSequentially(TestNG.java:1208)
at org.testng.TestNG.runSuitesLocally(TestNG.java:1137)
at org.testng.TestNG.runSuites(TestNG.java:1049)
at org.testng.TestNG.run(TestNG.java:1017)
at org.testng.remote.AbstractRemoteTestNG.run(AbstractRemoteTestNG.java:114)
at org.testng.remote.RemoteTestNG.initAndRun(RemoteTestNG.java:251)
at org.testng.remote.RemoteTestNG.main(RemoteTestNG.java:77)
]]>
    </error>
  </testcase> <!-- signUp -->
  <testcase name="forgotPassword" classname="cba.Pwaalt">
    <skipped/>
  </testcase> <!-- forgotPassword -->
  <testcase name="logout" classname="cba.Pwaalt">
    <skipped/>
  </testcase> <!-- logout -->
  <testcase name="videoQuality" classname="cba.Pwaalt">
    <skipped/>
  </testcase> <!-- videoQuality -->
  <testcase name="search" classname="cba.Pwaalt">
    <skipped/>
  </testcase> <!-- search -->
  <testcase name="navigateAllPages" classname="cba.Pwaalt">
    <skipped/>
  </testcase> <!-- navigateAllPages -->
  <testcase name="sendingQueryFromHelpPage" classname="cba.Pwaalt">
    <skipped/>
  </testcase> <!-- sendingQueryFromHelpPage -->
  <testcase name="share" classname="cba.Pwaalt">
    <skipped/>
  </testcase> <!-- share -->
  <testcase name="editProfileDetail" classname="cba.Pwaalt">
    <skipped/>
  </testcase> <!-- editProfileDetail -->
  <testcase name="seekForwardInPlayer" classname="cba.Pwaalt">
    <skipped/>
  </testcase> <!-- seekForwardInPlayer -->
  <testcase name="episodeListInPlayer" classname="cba.Pwaalt">
    <skipped/>
  </testcase> <!-- episodeListInPlayer -->
  <testcase name="selectingPreferredRegionlaLanguage" classname="cba.Pwaalt">
    <skipped/>
  </testcase> <!-- selectingPreferredRegionlaLanguage -->
  <testcase name="errorMsgfromSigninPage" classname="cba.Pwaalt">
    <skipped/>
  </testcase> <!-- errorMsgfromSigninPage -->
  <testcase name="selectLanguage" classname="cba.Pwaalt">
    <skipped/>
  </testcase> <!-- selectLanguage -->
  <testcase name="player" classname="cba.Pwaalt">
    <skipped/>
  </testcase> <!-- player -->
  <testcase name="seekBar" classname="cba.Pwaalt">
    <skipped/>
  </testcase> <!-- seekBar -->
  <testcase name="printingHomePageSubSection" classname="cba.Pwaalt">
    <skipped/>
  </testcase> <!-- printingHomePageSubSection -->
  <testcase name="loginNewRegUser" classname="cba.Pwaalt">
    <skipped/>
  </testcase> <!-- loginNewRegUser -->
  <testcase name="resumeFunctionslity" classname="cba.Pwaalt">
    <skipped/>
  </testcase> <!-- resumeFunctionslity -->
  <testcase name="nextButtonCheckingForLastEpsidoe" classname="cba.Pwaalt">
    <skipped/>
  </testcase> <!-- nextButtonCheckingForLastEpsidoe -->
  <testcase name="alreadyRegUserErrorMsg" classname="cba.Pwaalt">
    <skipped/>
  </testcase> <!-- alreadyRegUserErrorMsg -->
  <testcase name="favourite" classname="cba.Pwaalt">
    <skipped/>
  </testcase> <!-- favourite -->
  <testcase name="signInFromFavPage" classname="cba.Pwaalt">
    <skipped/>
  </testcase> <!-- signInFromFavPage -->
</testsuite> <!-- cba.Pwaalt -->
